# JRE version: OpenJDK Runtime Environment (Zulu 8.62.0.19-CA-win64) (8.0_332-b09) (build 1.8.0_332-b09)
# Java VM: OpenJDK 64-Bit Server VM (25.332-b09 mixed mode windows-amd64 compressed oops)
Heap:
 PSYoungGen      total 1292288K, used 1197056K [0x000000076b100000, 0x00000007bfe00000, 0x00000007c0000000)
  eden space 1197056K, 100% used [0x000000076b100000,0x00000007b4200000,0x00000007b4200000)
  from space 95232K, 0% used [0x00000007b9e80000,0x00000007b9e80000,0x00000007bfb80000)
  to   space 94720K, 0% used [0x00000007b4200000,0x00000007b4200000,0x00000007b9e80000)
 ParOldGen       total 2784256K, used 2783874K [0x00000006c1200000, 0x000000076b100000, 0x000000076b100000)
  object space 2784256K, 99% used [0x00000006c1200000,0x000000076b0a0bf0,0x000000076b100000)
 Metaspace       used 71862K, capacity 74563K, committed 75008K, reserved 1114112K
  class space    used 8815K, capacity 9509K, committed 9728K, reserved 1048576K
GC Heap History (10 events):
Event: 9634.957 GC heap before
{Heap before GC invocations=1891 (full 1465):
 PSYoungGen      total 1292288K, used 1196725K [0x000000076b100000, 0x00000007bfe00000, 0x00000007c0000000)
  eden space 1197056K, 99% used [0x000000076b100000,0x00000007b41ad460,0x00000007b4200000)
  from space 95232K, 0% used [0x00000007b9e80000,0x00000007b9e80000,0x00000007bfb80000)
  to   space 94720K, 0% used [0x00000007b4200000,0x00000007b4200000,0x00000007b9e80000)
 ParOldGen       total 2784256K, used 2783875K [0x00000006c1200000, 0x000000076b100000, 0x000000076b100000)
  object space 2784256K, 99% used [0x00000006c1200000,0x000000076b0a0f68,0x000000076b100000)
 Metaspace       used 71862K, capacity 74563K, committed 75008K, reserved 1114112K
  class space    used 8815K, capacity 9509K, committed 9728K, reserved 1048576K
Event: 9637.797 GC heap after
Heap after GC invocations=1891 (full 1465):
 PSYoungGen      total 1292288K, used 1196670K [0x000000076b100000, 0x00000007bfe00000, 0x00000007c0000000)
  eden space 1197056K, 99% used [0x000000076b100000,0x00000007b419f898,0x00000007b4200000)
  from space 95232K, 0% used [0x00000007b9e80000,0x00000007b9e80000,0x00000007bfb80000)
  to   space 94720K, 0% used [0x00000007b4200000,0x00000007b4200000,0x00000007b9e80000)
 ParOldGen       total 2784256K, used 2783875K [0x00000006c1200000, 0x000000076b100000, 0x000000076b100000)
  object space 2784256K, 99% used [0x00000006c1200000,0x000000076b0a0f68,0x000000076b100000)
 Metaspace       used 71862K, capacity 74563K, committed 75008K, reserved 1114112K
  class space    used 8815K, capacity 9509K, committed 9728K, reserved 1048576K
}
Event: 9637.799 GC heap before
{Heap before GC invocations=1892 (full 1466):
 PSYoungGen      total 1292288K, used 1197056K [0x000000076b100000, 0x00000007bfe00000, 0x00000007c0000000)
  eden space 1197056K, 100% used [0x000000076b100000,0x00000007b4200000,0x00000007b4200000)
  from space 95232K, 0% used [0x00000007b9e80000,0x00000007b9e80000,0x00000007bfb80000)
  to   space 94720K, 0% used [0x00000007b4200000,0x00000007b4200000,0x00000007b9e80000)
 ParOldGen       total 2784256K, used 2783875K [0x00000006c1200000, 0x000000076b100000, 0x000000076b100000)
  object space 2784256K, 99% used [0x00000006c1200000,0x000000076b0a0f68,0x000000076b100000)
 Metaspace       used 71862K, capacity 74563K, committed 75008K, reserved 1114112K
  class space    used 8815K, capacity 9509K, committed 9728K, reserved 1048576K
Event: 9642.696 GC heap after
Heap after GC invocations=1892 (full 1466):
 PSYoungGen      total 1292288K, used 1196788K [0x000000076b100000, 0x00000007bfe00000, 0x00000007c0000000)
  eden space 1197056K, 99% used [0x000000076b100000,0x00000007b41bd3f8,0x00000007b4200000)
  from space 95232K, 0% used [0x00000007b9e80000,0x00000007b9e80000,0x00000007bfb80000)
  to   space 94720K, 0% used [0x00000007b4200000,0x00000007b4200000,0x00000007b9e80000)
 ParOldGen       total 2784256K, used 2783875K [0x00000006c1200000, 0x000000076b100000, 0x000000076b100000)
  object space 2784256K, 99% used [0x00000006c1200000,0x000000076b0a0ed0,0x000000076b100000)
 Metaspace       used 71862K, capacity 74563K, committed 75008K, reserved 1114112K
  class space    used 8815K, capacity 9509K, committed 9728K, reserved 1048576K
}
Event: 9642.700 GC heap before
{Heap before GC invocations=1893 (full 1467):
 PSYoungGen      total 1292288K, used 1197056K [0x000000076b100000, 0x00000007bfe00000, 0x00000007c0000000)
  eden space 1197056K, 100% used [0x000000076b100000,0x00000007b4200000,0x00000007b4200000)
  from space 95232K, 0% used [0x00000007b9e80000,0x00000007b9e80000,0x00000007bfb80000)
  to   space 94720K, 0% used [0x00000007b4200000,0x00000007b4200000,0x00000007b9e80000)
 ParOldGen       total 2784256K, used 2783875K [0x00000006c1200000, 0x000000076b100000, 0x000000076b100000)
  object space 2784256K, 99% used [0x00000006c1200000,0x000000076b0a0ed0,0x000000076b100000)
 Metaspace       used 71862K, capacity 74563K, committed 75008K, reserved 1114112K
  class space    used 8815K, capacity 9509K, committed 9728K, reserved 1048576K
Event: 9647.550 GC heap after
Heap after GC invocations=1893 (full 1467):
 PSYoungGen      total 1292288K, used 1196715K [0x000000076b100000, 0x00000007bfe00000, 0x00000007c0000000)
  eden space 1197056K, 99% used [0x000000076b100000,0x00000007b41aae50,0x00000007b4200000)
  from space 95232K, 0% used [0x00000007b9e80000,0x00000007b9e80000,0x00000007bfb80000)
  to   space 94720K, 0% used [0x00000007b4200000,0x00000007b4200000,0x00000007b9e80000)
 ParOldGen       total 2784256K, used 2783875K [0x00000006c1200000, 0x000000076b100000, 0x000000076b100000)
  object space 2784256K, 99% used [0x00000006c1200000,0x000000076b0a0e90,0x000000076b100000)
 Metaspace       used 71862K, capacity 74563K, committed 75008K, reserved 1114112K
  class space    used 8815K, capacity 9509K, committed 9728K, reserved 1048576K
}
Event: 9647.552 GC heap before
{Heap before GC invocations=1894 (full 1468):
 PSYoungGen      total 1292288K, used 1197056K [0x000000076b100000, 0x00000007bfe00000, 0x00000007c0000000)
  eden space 1197056K, 100% used [0x000000076b100000,0x00000007b4200000,0x00000007b4200000)
  from space 95232K, 0% used [0x00000007b9e80000,0x00000007b9e80000,0x00000007bfb80000)
  to   space 94720K, 0% used [0x00000007b4200000,0x00000007b4200000,0x00000007b9e80000)
 ParOldGen       total 2784256K, used 2783875K [0x00000006c1200000, 0x000000076b100000, 0x000000076b100000)
  object space 2784256K, 99% used [0x00000006c1200000,0x000000076b0a0e90,0x000000076b100000)
 Metaspace       used 71862K, capacity 74563K, committed 75008K, reserved 1114112K
  class space    used 8815K, capacity 9509K, committed 9728K, reserved 1048576K
Event: 9652.430 GC heap after
Heap after GC invocations=1894 (full 1468):
 PSYoungGen      total 1292288K, used 1196722K [0x000000076b100000, 0x00000007bfe00000, 0x00000007c0000000)
  eden space 1197056K, 99% used [0x000000076b100000,0x00000007b41acbd8,0x00000007b4200000)
  from space 95232K, 0% used [0x00000007b9e80000,0x00000007b9e80000,0x00000007bfb80000)
  to   space 94720K, 0% used [0x00000007b4200000,0x00000007b4200000,0x00000007b9e80000)
 ParOldGen       total 2784256K, used 2783875K [0x00000006c1200000, 0x000000076b100000, 0x000000076b100000)
  object space 2784256K, 99% used [0x00000006c1200000,0x000000076b0a0df8,0x000000076b100000)
 Metaspace       used 71862K, capacity 74563K, committed 75008K, reserved 1114112K
  class space    used 8815K, capacity 9509K, committed 9728K, reserved 1048576K
}
Event: 9652.459 GC heap before
{Heap before GC invocations=1895 (full 1469):
 PSYoungGen      total 1292288K, used 1197056K [0x000000076b100000, 0x00000007bfe00000, 0x00000007c0000000)
  eden space 1197056K, 100% used [0x000000076b100000,0x00000007b4200000,0x00000007b4200000)
  from space 95232K, 0% used [0x00000007b9e80000,0x00000007b9e80000,0x00000007bfb80000)
  to   space 94720K, 0% used [0x00000007b4200000,0x00000007b4200000,0x00000007b9e80000)
 ParOldGen       total 2784256K, used 2783875K [0x00000006c1200000, 0x000000076b100000, 0x000000076b100000)
  object space 2784256K, 99% used [0x00000006c1200000,0x000000076b0a0df8,0x000000076b100000)
 Metaspace       used 71862K, capacity 74563K, committed 75008K, reserved 1114112K
  class space    used 8815K, capacity 9509K, committed 9728K, reserved 1048576K
Event: 9657.397 GC heap after
Heap after GC invocations=1895 (full 1469):
 PSYoungGen      total 1292288K, used 1196719K [0x000000076b100000, 0x00000007bfe00000, 0x00000007c0000000)
  eden space 1197056K, 99% used [0x000000076b100000,0x00000007b41abfd8,0x00000007b4200000)
  from space 95232K, 0% used [0x00000007b9e80000,0x00000007b9e80000,0x00000007bfb80000)
  to   space 94720K, 0% used [0x00000007b4200000,0x00000007b4200000,0x00000007b9e80000)
 ParOldGen       total 2784256K, used 2783874K [0x00000006c1200000, 0x000000076b100000, 0x000000076b100000)
  object space 2784256K, 99% used [0x00000006c1200000,0x000000076b0a0bf0,0x000000076b100000)
 Metaspace       used 71862K, capacity 74563K, committed 75008K, reserved 1114112K
  class space    used 8815K, capacity 9509K, committed 9728K, reserved 1048576K
}

