# JRE version: OpenJDK Runtime Environment (Zulu 8.62.0.19-CA-win64) (8.0_332-b09) (build 1.8.0_332-b09)
# Java VM: OpenJDK 64-Bit Server VM (25.332-b09 mixed mode windows-amd64 compressed oops)
Heap:
 PSYoungGen      total 252416K, used 135113K [0x000000076b100000, 0x000000077d900000, 0x00000007c0000000)
  eden space 227328K, 59% used [0x000000076b100000,0x00000007734f2718,0x0000000778f00000)
  from space 25088K, 0% used [0x000000077b000000,0x000000077b000000,0x000000077c880000)
  to   space 33792K, 0% used [0x0000000778f00000,0x0000000778f00000,0x000000077b000000)
 ParOldGen       total 166400K, used 65176K [0x00000006c1200000, 0x00000006cb480000, 0x000000076b100000)
  object space 166400K, 39% used [0x00000006c1200000,0x00000006c51a6100,0x00000006cb480000)
 Metaspace       used 44666K, capacity 45595K, committed 45912K, reserved 1089536K
  class space    used 5772K, capacity 6155K, committed 6232K, reserved 1048576K
GC Heap History (10 events):
Event: 15.871 GC heap before
{Heap before GC invocations=6 (full 1):
 PSYoungGen      total 76288K, used 73929K [0x000000076b100000, 0x0000000770600000, 0x00000007c0000000)
  eden space 65536K, 100% used [0x000000076b100000,0x000000076f100000,0x000000076f100000)
  from space 10752K, 78% used [0x000000076fb80000,0x00000007703b2550,0x0000000770600000)
  to   space 10752K, 0% used [0x000000076f100000,0x000000076f100000,0x000000076fb80000)
 ParOldGen       total 72704K, used 17290K [0x00000006c1200000, 0x00000006c5900000, 0x000000076b100000)
  object space 72704K, 23% used [0x00000006c1200000,0x00000006c22e2888,0x00000006c5900000)
 Metaspace       used 28428K, capacity 28604K, committed 28800K, reserved 1075200K
  class space    used 3899K, capacity 3966K, committed 3968K, reserved 1048576K
Event: 15.876 GC heap after
Heap after GC invocations=6 (full 1):
 PSYoungGen      total 76288K, used 10740K [0x000000076b100000, 0x0000000774480000, 0x00000007c0000000)
  eden space 65536K, 0% used [0x000000076b100000,0x000000076b100000,0x000000076f100000)
  from space 10752K, 99% used [0x000000076f100000,0x000000076fb7d040,0x000000076fb80000)
  to   space 12800K, 0% used [0x0000000773800000,0x0000000773800000,0x0000000774480000)
 ParOldGen       total 72704K, used 18266K [0x00000006c1200000, 0x00000006c5900000, 0x000000076b100000)
  object space 72704K, 25% used [0x00000006c1200000,0x00000006c23d6898,0x00000006c5900000)
 Metaspace       used 28428K, capacity 28604K, committed 28800K, reserved 1075200K
  class space    used 3899K, capacity 3966K, committed 3968K, reserved 1048576K
}
Event: 15.977 GC heap before
{Heap before GC invocations=7 (full 1):
 PSYoungGen      total 76288K, used 76276K [0x000000076b100000, 0x0000000774480000, 0x00000007c0000000)
  eden space 65536K, 100% used [0x000000076b100000,0x000000076f100000,0x000000076f100000)
  from space 10752K, 99% used [0x000000076f100000,0x000000076fb7d040,0x000000076fb80000)
  to   space 12800K, 0% used [0x0000000773800000,0x0000000773800000,0x0000000774480000)
 ParOldGen       total 72704K, used 18266K [0x00000006c1200000, 0x00000006c5900000, 0x000000076b100000)
  object space 72704K, 25% used [0x00000006c1200000,0x00000006c23d6898,0x00000006c5900000)
 Metaspace       used 28443K, capacity 28604K, committed 28800K, reserved 1075200K
  class space    used 3900K, capacity 3966K, committed 3968K, reserved 1048576K
Event: 15.985 GC heap after
Heap after GC invocations=7 (full 1):
 PSYoungGen      total 134144K, used 12768K [0x000000076b100000, 0x0000000774f80000, 0x00000007c0000000)
  eden space 121344K, 0% used [0x000000076b100000,0x000000076b100000,0x0000000772780000)
  from space 12800K, 99% used [0x0000000773800000,0x0000000774478030,0x0000000774480000)
  to   space 16896K, 0% used [0x0000000772780000,0x0000000772780000,0x0000000773800000)
 ParOldGen       total 72704K, used 21437K [0x00000006c1200000, 0x00000006c5900000, 0x000000076b100000)
  object space 72704K, 29% used [0x00000006c1200000,0x00000006c26ef5c8,0x00000006c5900000)
 Metaspace       used 28443K, capacity 28604K, committed 28800K, reserved 1075200K
  class space    used 3900K, capacity 3966K, committed 3968K, reserved 1048576K
}
Event: 17.584 GC heap before
{Heap before GC invocations=8 (full 1):
 PSYoungGen      total 134144K, used 118803K [0x000000076b100000, 0x0000000774f80000, 0x00000007c0000000)
  eden space 121344K, 87% used [0x000000076b100000,0x000000077188ccf8,0x0000000772780000)
  from space 12800K, 99% used [0x0000000773800000,0x0000000774478030,0x0000000774480000)
  to   space 16896K, 0% used [0x0000000772780000,0x0000000772780000,0x0000000773800000)
 ParOldGen       total 72704K, used 21437K [0x00000006c1200000, 0x00000006c5900000, 0x000000076b100000)
  object space 72704K, 29% used [0x00000006c1200000,0x00000006c26ef5c8,0x00000006c5900000)
 Metaspace       used 33271K, capacity 33453K, committed 33920K, reserved 1079296K
  class space    used 4328K, capacity 4395K, committed 4480K, reserved 1048576K
Event: 17.598 GC heap after
Heap after GC invocations=8 (full 1):
 PSYoungGen      total 138240K, used 16880K [0x000000076b100000, 0x000000077c880000, 0x00000007c0000000)
  eden space 121344K, 0% used [0x000000076b100000,0x000000076b100000,0x0000000772780000)
  from space 16896K, 99% used [0x0000000772780000,0x00000007737fc060,0x0000000773800000)
  to   space 25088K, 0% used [0x000000077b000000,0x000000077b000000,0x000000077c880000)
 ParOldGen       total 72704K, used 32710K [0x00000006c1200000, 0x00000006c5900000, 0x000000076b100000)
  object space 72704K, 44% used [0x00000006c1200000,0x00000006c31f1968,0x00000006c5900000)
 Metaspace       used 33271K, capacity 33453K, committed 33920K, reserved 1079296K
  class space    used 4328K, capacity 4395K, committed 4480K, reserved 1048576K
}
Event: 18.508 GC heap before
{Heap before GC invocations=9 (full 1):
 PSYoungGen      total 138240K, used 52341K [0x000000076b100000, 0x000000077c880000, 0x00000007c0000000)
  eden space 121344K, 29% used [0x000000076b100000,0x000000076d3a1730,0x0000000772780000)
  from space 16896K, 99% used [0x0000000772780000,0x00000007737fc060,0x0000000773800000)
  to   space 25088K, 0% used [0x000000077b000000,0x000000077b000000,0x000000077c880000)
 ParOldGen       total 72704K, used 32710K [0x00000006c1200000, 0x00000006c5900000, 0x000000076b100000)
  object space 72704K, 44% used [0x00000006c1200000,0x00000006c31f1968,0x00000006c5900000)
 Metaspace       used 34891K, capacity 35155K, committed 35416K, reserved 1079296K
  class space    used 4504K, capacity 4632K, committed 4696K, reserved 1048576K
Event: 18.521 GC heap after
Heap after GC invocations=9 (full 1):
 PSYoungGen      total 252416K, used 25056K [0x000000076b100000, 0x000000077d900000, 0x00000007c0000000)
  eden space 227328K, 0% used [0x000000076b100000,0x000000076b100000,0x0000000778f00000)
  from space 25088K, 99% used [0x000000077b000000,0x000000077c878020,0x000000077c880000)
  to   space 33792K, 0% used [0x0000000778f00000,0x0000000778f00000,0x000000077b000000)
 ParOldGen       total 72704K, used 43365K [0x00000006c1200000, 0x00000006c5900000, 0x000000076b100000)
  object space 72704K, 59% used [0x00000006c1200000,0x00000006c3c59438,0x00000006c5900000)
 Metaspace       used 34891K, capacity 35155K, committed 35416K, reserved 1079296K
  class space    used 4504K, capacity 4632K, committed 4696K, reserved 1048576K
}
Event: 18.521 GC heap before
{Heap before GC invocations=10 (full 2):
 PSYoungGen      total 252416K, used 25056K [0x000000076b100000, 0x000000077d900000, 0x00000007c0000000)
  eden space 227328K, 0% used [0x000000076b100000,0x000000076b100000,0x0000000778f00000)
  from space 25088K, 99% used [0x000000077b000000,0x000000077c878020,0x000000077c880000)
  to   space 33792K, 0% used [0x0000000778f00000,0x0000000778f00000,0x000000077b000000)
 ParOldGen       total 72704K, used 43365K [0x00000006c1200000, 0x00000006c5900000, 0x000000076b100000)
  object space 72704K, 59% used [0x00000006c1200000,0x00000006c3c59438,0x00000006c5900000)
 Metaspace       used 34891K, capacity 35155K, committed 35416K, reserved 1079296K
  class space    used 4504K, capacity 4632K, committed 4696K, reserved 1048576K
Event: 18.664 GC heap after
Heap after GC invocations=10 (full 2):
 PSYoungGen      total 252416K, used 0K [0x000000076b100000, 0x000000077d900000, 0x00000007c0000000)
  eden space 227328K, 0% used [0x000000076b100000,0x000000076b100000,0x0000000778f00000)
  from space 25088K, 0% used [0x000000077b000000,0x000000077b000000,0x000000077c880000)
  to   space 33792K, 0% used [0x0000000778f00000,0x0000000778f00000,0x000000077b000000)
 ParOldGen       total 166400K, used 65176K [0x00000006c1200000, 0x00000006cb480000, 0x000000076b100000)
  object space 166400K, 39% used [0x00000006c1200000,0x00000006c51a6100,0x00000006cb480000)
 Metaspace       used 34891K, capacity 35155K, committed 35416K, reserved 1079296K
  class space    used 4504K, capacity 4632K, committed 4696K, reserved 1048576K
}

